GLPSOL: GLPK LP/MIP Solver, v4.65
Parameter(s) specified in the command line:
 --log result\mimo-example-20180503T1358\scenario_base.log --write C:\Users\Billy\AppData\Local\Temp\tmpsck2fjx7.glpk.raw
 --wglp C:\Users\Billy\AppData\Local\Temp\tmpmkys3wg3.glpk.glp --cpxlp C:\Users\Billy\AppData\Local\Temp\tmp528891j7.pyomo.lp
Reading problem data from 'C:\Users\Billy\AppData\Local\Temp\tmp528891j7.pyomo.lp'...
13849 rows, 12138 columns, 38012 non-zeros
91711 lines were read
Writing problem data to 'C:\Users\Billy\AppData\Local\Temp\tmpmkys3wg3.glpk.glp'...
69438 lines were written
GLPK Simplex Optimizer, v4.65
13849 rows, 12138 columns, 38012 non-zeros
Preprocessing...
7147 rows, 5874 columns, 17924 non-zeros
Scaling...
 A: min|aij| =  2.463e-04  max|aij| =  5.214e+01  ratio =  2.117e+05
GM: min|aij| =  2.477e-01  max|aij| =  4.038e+00  ratio =  1.630e+01
EQ: min|aij| =  6.134e-02  max|aij| =  1.000e+00  ratio =  1.630e+01
Constructing initial basis...
Size of triangular part is 7146
      0: obj =  -1.003651911e+09 inf =   1.491e+04 (143)
    202: obj =   2.437360229e+09 inf =   0.000e+00 (0) 1
*   583: obj =  -1.786962761e+04 inf =   0.000e+00 (0) 4
OPTIMAL LP SOLUTION FOUND
Time used:   0.3 secs
Memory used: 13.8 Mb (14445576 bytes)
Writing basic solution to 'C:\Users\Billy\AppData\Local\Temp\tmpsck2fjx7.glpk.raw'...
25996 lines were written
