GLPSOL: GLPK LP/MIP Solver, v4.65
Parameter(s) specified in the command line:
 --log result\mimo-example-20180502T1521\scenario_north_process_caps.log --write
 C:\Users\Billy\AppData\Local\Temp\tmpl0pcxusl.glpk.raw --wglp C:\Users\Billy\AppData\Local\Temp\tmp4ywe9ddj.glpk.glp
 --cpxlp C:\Users\Billy\AppData\Local\Temp\tmphm4wwl1x.pyomo.lp
Reading problem data from 'C:\Users\Billy\AppData\Local\Temp\tmphm4wwl1x.pyomo.lp'...
17902 rows, 22232 columns, 76683 non-zeros
152635 lines were read
Writing problem data to 'C:\Users\Billy\AppData\Local\Temp\tmp4ywe9ddj.glpk.glp'...
123945 lines were written
GLPK Simplex Optimizer, v4.65
17902 rows, 22232 columns, 76683 non-zeros
Preprocessing...
11521 rows, 16795 columns, 59736 non-zeros
Scaling...
 A: min|aij| =  2.463e-04  max|aij| =  5.214e+01  ratio =  2.117e+05
GM: min|aij| =  2.477e-01  max|aij| =  4.038e+00  ratio =  1.630e+01
EQ: min|aij| =  6.134e-02  max|aij| =  1.000e+00  ratio =  1.630e+01
Constructing initial basis...
Size of triangular part is 11520
      0: obj =   9.429153791e+10 inf =   8.961e+05 (79)
    112: obj =   2.057555560e+11 inf =   0.000e+00 (0)
*  4495: obj =   1.226218903e+10 inf =   4.483e-12 (3466) 33
*  8989: obj =   5.338697464e+09 inf =   3.280e-11 (3919) 36
* 11494: obj =   5.039857060e+09 inf =   2.205e-11 (0) 21
OPTIMAL LP SOLUTION FOUND
Time used:   12.6 secs
Memory used: 25.3 Mb (26537008 bytes)
Writing basic solution to 'C:\Users\Billy\AppData\Local\Temp\tmpl0pcxusl.glpk.raw'...
40143 lines were written
