GLPSOL: GLPK LP/MIP Solver, v4.65
Parameter(s) specified in the command line:
 --log result\mimo-example-20180503T1038\scenario_north_process_caps.log --write
 C:\Users\Billy\AppData\Local\Temp\tmpxfyv_dik.glpk.raw --wglp C:\Users\Billy\AppData\Local\Temp\tmpbuc5zh7v.glpk.glp
 --cpxlp C:\Users\Billy\AppData\Local\Temp\tmp7m_ydp2h.pyomo.lp
Reading problem data from 'C:\Users\Billy\AppData\Local\Temp\tmp7m_ydp2h.pyomo.lp'...
13847 rows, 19190 columns, 66381 non-zeros
127126 lines were read
Writing problem data to 'C:\Users\Billy\AppData\Local\Temp\tmpbuc5zh7v.glpk.glp'...
104854 lines were written
GLPK Simplex Optimizer, v4.65
13847 rows, 19190 columns, 66381 non-zeros
Preprocessing...
8155 rows, 14266 columns, 51156 non-zeros
Scaling...
 A: min|aij| =  2.463e-04  max|aij| =  5.214e+01  ratio =  2.117e+05
GM: min|aij| =  2.477e-01  max|aij| =  4.038e+00  ratio =  1.630e+01
EQ: min|aij| =  6.134e-02  max|aij| =  1.000e+00  ratio =  1.630e+01
Constructing initial basis...
Size of triangular part is 8154
      0: obj =   4.464762053e+08 inf =   9.845e+03 (73)
    199: obj =   2.740811343e+09 inf =   0.000e+00 (0) 1
*  2233: obj =   1.148395657e+05 inf =   0.000e+00 (0) 14
OPTIMAL LP SOLUTION FOUND
Time used:   1.5 secs
Memory used: 21.4 Mb (22472584 bytes)
Writing basic solution to 'C:\Users\Billy\AppData\Local\Temp\tmpxfyv_dik.glpk.raw'...
33046 lines were written
