GLPSOL: GLPK LP/MIP Solver, v4.65
Parameter(s) specified in the command line:
 --log result\mimo-example-20180502T1513\scenario_north_process_caps.log --write
 C:\Users\Billy\AppData\Local\Temp\tmp2o26nt0y.glpk.raw --wglp C:\Users\Billy\AppData\Local\Temp\tmpd76d393p.glpk.glp
 --cpxlp C:\Users\Billy\AppData\Local\Temp\tmpm1r5sq3d.pyomo.lp
Reading problem data from 'C:\Users\Billy\AppData\Local\Temp\tmpm1r5sq3d.pyomo.lp'...
20932 rows, 24254 columns, 85095 non-zeros
172159 lines were read
Writing problem data to 'C:\Users\Billy\AppData\Local\Temp\tmpd76d393p.glpk.glp'...
138757 lines were written
GLPK Simplex Optimizer, v4.65
20932 rows, 24254 columns, 85095 non-zeros
Preprocessing...
13537 rows, 17807 columns, 65112 non-zeros
Scaling...
 A: min|aij| =  2.463e-04  max|aij| =  5.214e+01  ratio =  2.117e+05
GM: min|aij| =  2.477e-01  max|aij| =  4.038e+00  ratio =  1.630e+01
EQ: min|aij| =  6.134e-02  max|aij| =  1.000e+00  ratio =  1.630e+01
Constructing initial basis...
Size of triangular part is 13536
      0: obj =   9.429153791e+10 inf =   8.961e+05 (79)
    112: obj =   2.057555560e+11 inf =   0.000e+00 (0)
Warning: basis matrix is ill-conditioned (cond = 9.79e+12)
*  5406: obj =   1.500881621e+10 inf =   2.414e-11 (3120) 41
* 11449: obj =   4.105991839e+09 inf =   1.248e-11 (3250) 46
* 13819: obj =   3.927168672e+09 inf =   1.724e-11 (0) 18
OPTIMAL LP SOLUTION FOUND
Time used:   12.4 secs
Memory used: 28.3 Mb (29622384 bytes)
Writing basic solution to 'C:\Users\Billy\AppData\Local\Temp\tmp2o26nt0y.glpk.raw'...
45195 lines were written
