GLPSOL: GLPK LP/MIP Solver, v4.65
Parameter(s) specified in the command line:
 --log result\mimo-example-20180502T1513\scenario_co2_limit.log --write C:\Users\Billy\AppData\Local\Temp\tmplok25_gg.glpk.raw
 --wglp C:\Users\Billy\AppData\Local\Temp\tmpyhu5j7su.glpk.glp --cpxlp C:\Users\Billy\AppData\Local\Temp\tmptnwoajtb.pyomo.lp
Reading problem data from 'C:\Users\Billy\AppData\Local\Temp\tmptnwoajtb.pyomo.lp'...
20932 rows, 24254 columns, 85095 non-zeros
172159 lines were read
Writing problem data to 'C:\Users\Billy\AppData\Local\Temp\tmpyhu5j7su.glpk.glp'...
138757 lines were written
GLPK Simplex Optimizer, v4.65
20932 rows, 24254 columns, 85095 non-zeros
Preprocessing...
13537 rows, 17807 columns, 65112 non-zeros
Scaling...
 A: min|aij| =  2.463e-04  max|aij| =  5.214e+01  ratio =  2.117e+05
GM: min|aij| =  2.477e-01  max|aij| =  4.038e+00  ratio =  1.630e+01
EQ: min|aij| =  6.134e-02  max|aij| =  1.000e+00  ratio =  1.630e+01
Constructing initial basis...
Size of triangular part is 13536
      0: obj =   9.429153791e+10 inf =   8.961e+05 (79)
    112: obj =   2.057555560e+11 inf =   0.000e+00 (0)
*  4802: obj =   1.301862283e+10 inf =   1.052e-11 (3695) 36
Warning: basis matrix is ill-conditioned (cond = 8.72e+12)
*  7835: obj =   7.781142900e+09 inf =   1.065e-11 (4149) 25
* 11931: obj =   4.803644356e+09 inf =   1.674e-11 (2313) 32
* 12839: obj =   4.764551099e+09 inf =   3.608e-11 (0) 7
OPTIMAL LP SOLUTION FOUND
Time used:   16.3 secs
Memory used: 28.3 Mb (29622384 bytes)
Writing basic solution to 'C:\Users\Billy\AppData\Local\Temp\tmplok25_gg.glpk.raw'...
45195 lines were written
