GLPSOL: GLPK LP/MIP Solver, v4.65
Parameter(s) specified in the command line:
 --log result\mimo-example-20180503T1026\scenario_north_process_caps.log --write
 C:\Users\Billy\AppData\Local\Temp\tmp9yooothz.glpk.raw --wglp C:\Users\Billy\AppData\Local\Temp\tmpkfcts6wa.glpk.glp
 --cpxlp C:\Users\Billy\AppData\Local\Temp\tmpld__e73q.pyomo.lp
Reading problem data from 'C:\Users\Billy\AppData\Local\Temp\tmpld__e73q.pyomo.lp'...
15201 rows, 20208 columns, 70778 non-zeros
136603 lines were read
Writing problem data to 'C:\Users\Billy\AppData\Local\Temp\tmpkfcts6wa.glpk.glp'...
112635 lines were written
GLPK Simplex Optimizer, v4.65
15201 rows, 20208 columns, 70778 non-zeros
Preprocessing...
9505 rows, 15280 columns, 55200 non-zeros
Scaling...
 A: min|aij| =  2.463e-04  max|aij| =  5.214e+01  ratio =  2.117e+05
GM: min|aij| =  2.477e-01  max|aij| =  4.038e+00  ratio =  1.630e+01
EQ: min|aij| =  6.134e-02  max|aij| =  1.000e+00  ratio =  1.630e+01
Constructing initial basis...
Size of triangular part is 9504
      0: obj =   5.009681752e+08 inf =   7.352e+05 (75)
    222: obj =   4.366869702e+10 inf =   1.137e-13 (0) 2
*  6751: obj =   1.266754697e+08 inf =   1.353e-12 (3407) 48
* 11250: obj =   5.465674545e+07 inf =   8.795e-13 (0) 36
OPTIMAL LP SOLUTION FOUND
Time used:   9.2 secs
Memory used: 22.9 Mb (24038960 bytes)
Writing basic solution to 'C:\Users\Billy\AppData\Local\Temp\tmp9yooothz.glpk.raw'...
35418 lines were written
