GLPSOL: GLPK LP/MIP Solver, v4.65
Parameter(s) specified in the command line:
 --log result\mimo-example-20180503T1056\scenario_base.log --write C:\Users\Billy\AppData\Local\Temp\tmpt8ohm10g.glpk.raw
 --wglp C:\Users\Billy\AppData\Local\Temp\tmp155qh8m_.glpk.glp --cpxlp C:\Users\Billy\AppData\Local\Temp\tmpp0cdkwrt.pyomo.lp
Reading problem data from 'C:\Users\Billy\AppData\Local\Temp\tmpp0cdkwrt.pyomo.lp'...
13847 rows, 19190 columns, 66554 non-zeros
127299 lines were read
Writing problem data to 'C:\Users\Billy\AppData\Local\Temp\tmp155qh8m_.glpk.glp'...
105028 lines were written
GLPK Simplex Optimizer, v4.65
13847 rows, 19190 columns, 66554 non-zeros
Preprocessing...
8155 rows, 14266 columns, 51156 non-zeros
Scaling...
 A: min|aij| =  2.463e-04  max|aij| =  5.214e+01  ratio =  2.117e+05
GM: min|aij| =  2.477e-01  max|aij| =  4.038e+00  ratio =  1.630e+01
EQ: min|aij| =  6.134e-02  max|aij| =  1.000e+00  ratio =  1.630e+01
Constructing initial basis...
Size of triangular part is 8154
      0: obj =  -1.003651911e+09 inf =   1.491e+04 (143)
    268: obj =   2.416440237e+09 inf =   0.000e+00 (0) 2
*  1193: obj =  -7.500105328e+04 inf =   0.000e+00 (0) 6
OPTIMAL LP SOLUTION FOUND
Time used:   0.7 secs
Memory used: 21.5 Mb (22512744 bytes)
Writing basic solution to 'C:\Users\Billy\AppData\Local\Temp\tmpt8ohm10g.glpk.raw'...
33046 lines were written
