GLPSOL: GLPK LP/MIP Solver, v4.65
Parameter(s) specified in the command line:
 --log result\mimo-example-20180503T1032\scenario_base.log --write C:\Users\Billy\AppData\Local\Temp\tmpvc4d1lz8.glpk.raw
 --wglp C:\Users\Billy\AppData\Local\Temp\tmph4mm8xsa.glpk.glp --cpxlp C:\Users\Billy\AppData\Local\Temp\tmp_n2oqpn5.pyomo.lp
Reading problem data from 'C:\Users\Billy\AppData\Local\Temp\tmp_n2oqpn5.pyomo.lp'...
13845 rows, 19190 columns, 66213 non-zeros
126952 lines were read
Writing problem data to 'C:\Users\Billy\AppData\Local\Temp\tmph4mm8xsa.glpk.glp'...
104682 lines were written
GLPK Simplex Optimizer, v4.65
13845 rows, 19190 columns, 66213 non-zeros
Preprocessing...
8155 rows, 14266 columns, 51156 non-zeros
Scaling...
 A: min|aij| =  2.463e-04  max|aij| =  5.214e+01  ratio =  2.117e+05
GM: min|aij| =  2.477e-01  max|aij| =  4.038e+00  ratio =  1.630e+01
EQ: min|aij| =  6.134e-02  max|aij| =  1.000e+00  ratio =  1.630e+01
Constructing initial basis...
Size of triangular part is 8154
      0: obj =   4.873451827e+08 inf =   5.985e+05 (74)
    388: obj =   2.090811652e+11 inf =   4.495e-12 (0) 3
*  5386: obj =   9.285730822e+08 inf =   1.186e-13 (4108) 41
*  9194: obj =   4.103375298e+07 inf =   0.000e+00 (0) 32
OPTIMAL LP SOLUTION FOUND
Time used:   8.8 secs
Memory used: 21.4 Mb (22456520 bytes)
Writing basic solution to 'C:\Users\Billy\AppData\Local\Temp\tmpvc4d1lz8.glpk.raw'...
33044 lines were written
