GLPSOL: GLPK LP/MIP Solver, v4.65
Parameter(s) specified in the command line:
 --log result\mimo-example-20180502T0922\scenario_no_dsm.log --write C:\Users\Billy\AppData\Local\Temp\tmpi4txi370.glpk.raw
 --wglp C:\Users\Billy\AppData\Local\Temp\tmpx6hr7r40.glpk.glp --cpxlp C:\Users\Billy\AppData\Local\Temp\tmp_e096vj4.pyomo.lp
Reading problem data from 'C:\Users\Billy\AppData\Local\Temp\tmp_e096vj4.pyomo.lp'...
28372 rows, 23287 columns, 75929 non-zeros
184346 lines were read
Writing problem data to 'C:\Users\Billy\AppData\Local\Temp\tmpx6hr7r40.glpk.glp'...
138444 lines were written
GLPK Simplex Optimizer, v4.65
28372 rows, 23287 columns, 75929 non-zeros
Preprocessing...
19371 rows, 14472 columns, 49540 non-zeros
Scaling...
 A: min|aij| =  2.463e-04  max|aij| =  5.214e+01  ratio =  2.117e+05
GM: min|aij| =  2.477e-01  max|aij| =  4.038e+00  ratio =  1.630e+01
EQ: min|aij| =  6.134e-02  max|aij| =  1.000e+00  ratio =  1.630e+01
Constructing initial basis...
Size of triangular part is 19368
      0: obj =   5.512063459e+11 inf =   9.464e+05 (80)
    141: obj =   6.218760923e+11 inf =   1.876e-12 (0) 1
*  4774: obj =   4.646268658e+10 inf =   3.734e-12 (1473) 38
*  8346: obj =   3.240662232e+10 inf =   5.210e-11 (1247) 29
* 11217: obj =   2.858221990e+10 inf =   5.684e-14 (0) 22
OPTIMAL LP SOLUTION FOUND
Time used:   13.7 secs
Memory used: 29.6 Mb (31081539 bytes)
Writing basic solution to 'C:\Users\Billy\AppData\Local\Temp\tmpi4txi370.glpk.raw'...
51668 lines were written
