GLPSOL: GLPK LP/MIP Solver, v4.65
Parameter(s) specified in the command line:
 --log result\mimo-example-20180502T0922\scenario_base.log --write C:\Users\Billy\AppData\Local\Temp\tmpe2z28fh1.glpk.raw
 --wglp C:\Users\Billy\AppData\Local\Temp\tmpvkgxxw2v.glpk.glp --cpxlp C:\Users\Billy\AppData\Local\Temp\tmpva6xkfnp.pyomo.lp
Reading problem data from 'C:\Users\Billy\AppData\Local\Temp\tmpva6xkfnp.pyomo.lp'...
30892 rows, 32349 columns, 112681 non-zeros
237720 lines were read
Writing problem data to 'C:\Users\Billy\AppData\Local\Temp\tmpvkgxxw2v.glpk.glp'...
188794 lines were written
GLPK Simplex Optimizer, v4.65
30892 rows, 32349 columns, 112681 non-zeros
Preprocessing...
20379 rows, 22864 columns, 82772 non-zeros
Scaling...
 A: min|aij| =  2.463e-04  max|aij| =  5.214e+01  ratio =  2.117e+05
GM: min|aij| =  2.477e-01  max|aij| =  4.038e+00  ratio =  1.630e+01
EQ: min|aij| =  6.134e-02  max|aij| =  1.000e+00  ratio =  1.630e+01
Constructing initial basis...
Size of triangular part is 20376
      0: obj =   5.512063459e+11 inf =   9.464e+05 (80)
    167: obj =   6.217230412e+11 inf =   1.876e-12 (0) 1
*  4208: obj =   9.028076486e+10 inf =   9.655e-12 (4762) 29
*  7139: obj =   4.841017555e+10 inf =   1.063e-11 (4125) 22
*  9805: obj =   3.901714289e+10 inf =   1.340e-11 (4035) 20
* 12376: obj =   3.405842900e+10 inf =   1.023e-11 (6446) 20
* 15068: obj =   3.039572400e+10 inf =   1.304e-11 (4802) 19
* 17995: obj =   2.954666947e+10 inf =   1.416e-11 (2248) 21
* 20523: obj =   2.850869832e+10 inf =   9.686e-11 (0) 18
OPTIMAL LP SOLUTION FOUND
Time used:   35.1 secs
Memory used: 38.5 Mb (40337555 bytes)
Writing basic solution to 'C:\Users\Billy\AppData\Local\Temp\tmpe2z28fh1.glpk.raw'...
63250 lines were written
