GLPSOL: GLPK LP/MIP Solver, v4.65
Parameter(s) specified in the command line:
 --log result\mimo-example-20180502T0922\scenario_stock_prices.log --write
 C:\Users\Billy\AppData\Local\Temp\tmpu2mk78jn.glpk.raw --wglp C:\Users\Billy\AppData\Local\Temp\tmpdpbd5m1c.glpk.glp
 --cpxlp C:\Users\Billy\AppData\Local\Temp\tmp8_5f25uc.pyomo.lp
Reading problem data from 'C:\Users\Billy\AppData\Local\Temp\tmp8_5f25uc.pyomo.lp'...
30892 rows, 32349 columns, 112681 non-zeros
237720 lines were read
Writing problem data to 'C:\Users\Billy\AppData\Local\Temp\tmpdpbd5m1c.glpk.glp'...
188794 lines were written
GLPK Simplex Optimizer, v4.65
30892 rows, 32349 columns, 112681 non-zeros
Preprocessing...
20379 rows, 22864 columns, 82772 non-zeros
Scaling...
 A: min|aij| =  2.463e-04  max|aij| =  5.214e+01  ratio =  2.117e+05
GM: min|aij| =  2.477e-01  max|aij| =  4.038e+00  ratio =  1.630e+01
EQ: min|aij| =  6.134e-02  max|aij| =  1.000e+00  ratio =  1.630e+01
Constructing initial basis...
Size of triangular part is 20376
      0: obj =   8.020521624e+11 inf =   9.464e+05 (80)
    167: obj =   8.826872969e+11 inf =   1.876e-12 (0) 1
Warning: basis matrix is ill-conditioned (cond = 8.69e+12)
*  4287: obj =   9.508667926e+10 inf =   1.118e-11 (4437) 30
*  7401: obj =   4.952803277e+10 inf =   1.298e-11 (4672) 24
*  9776: obj =   4.072639893e+10 inf =   1.499e-11 (4117) 18
* 11986: obj =   3.663242431e+10 inf =   7.334e-11 (3803) 17
* 14458: obj =   3.279199615e+10 inf =   1.289e-11 (4982) 18
* 17050: obj =   3.176798127e+10 inf =   6.262e-11 (4112) 21
* 19963: obj =   3.033347775e+10 inf =   1.597e-11 (97) 20
* 19988: obj =   3.033310680e+10 inf =   2.666e-11 (0)
OPTIMAL LP SOLUTION FOUND
Time used:   35.4 secs
Memory used: 38.5 Mb (40337555 bytes)
Writing basic solution to 'C:\Users\Billy\AppData\Local\Temp\tmpu2mk78jn.glpk.raw'...
63250 lines were written
