GLPSOL: GLPK LP/MIP Solver, v4.65
Parameter(s) specified in the command line:
 --log result\mimo-example-20180503T1051\scenario_north_process_caps.log --write
 C:\Users\Billy\AppData\Local\Temp\tmpb73zmxm2.glpk.raw --wglp C:\Users\Billy\AppData\Local\Temp\tmpxoowgorm.glpk.glp
 --cpxlp C:\Users\Billy\AppData\Local\Temp\tmpvt9_ccz7.pyomo.lp
Reading problem data from 'C:\Users\Billy\AppData\Local\Temp\tmpvt9_ccz7.pyomo.lp'...
13847 rows, 19190 columns, 66380 non-zeros
127125 lines were read
Writing problem data to 'C:\Users\Billy\AppData\Local\Temp\tmpxoowgorm.glpk.glp'...
104853 lines were written
GLPK Simplex Optimizer, v4.65
13847 rows, 19190 columns, 66380 non-zeros
Preprocessing...
6473 rows, 12582 columns, 46784 non-zeros
Scaling...
 A: min|aij| =  2.463e-04  max|aij| =  5.214e+01  ratio =  2.117e+05
GM: min|aij| =  2.477e-01  max|aij| =  4.038e+00  ratio =  1.630e+01
EQ: min|aij| =  6.134e-02  max|aij| =  1.000e+00  ratio =  1.630e+01
Constructing initial basis...
Size of triangular part is 6472
      0: obj =   4.464762053e+08 inf =   2.443e+04 (73)
    357: obj =   1.711276649e+09 inf =   2.842e-14 (0) 2
*  3051: obj =   6.074781916e+07 inf =   6.883e-13 (0) 19
OPTIMAL LP SOLUTION FOUND
Time used:   2.4 secs
Memory used: 20.9 Mb (21924304 bytes)
Writing basic solution to 'C:\Users\Billy\AppData\Local\Temp\tmpb73zmxm2.glpk.raw'...
33046 lines were written
