GLPSOL: GLPK LP/MIP Solver, v4.65
Parameter(s) specified in the command line:
 --log result\mimo-example-20180503T1018\scenario_base.log --write C:\Users\Billy\AppData\Local\Temp\tmpex7wqx_o.glpk.raw
 --wglp C:\Users\Billy\AppData\Local\Temp\tmp6o6qw6va.glpk.glp --cpxlp C:\Users\Billy\AppData\Local\Temp\tmpa_f1jicq.pyomo.lp
Reading problem data from 'C:\Users\Billy\AppData\Local\Temp\tmpa_f1jicq.pyomo.lp'...
15202 rows, 20208 columns, 70611 non-zeros
136439 lines were read
Writing problem data to 'C:\Users\Billy\AppData\Local\Temp\tmp6o6qw6va.glpk.glp'...
112469 lines were written
GLPK Simplex Optimizer, v4.65
15202 rows, 20208 columns, 70611 non-zeros
Preprocessing...
9505 rows, 15280 columns, 55200 non-zeros
Scaling...
 A: min|aij| =  2.463e-04  max|aij| =  5.214e+01  ratio =  2.117e+05
GM: min|aij| =  2.477e-01  max|aij| =  4.038e+00  ratio =  1.630e+01
EQ: min|aij| =  6.134e-02  max|aij| =  1.000e+00  ratio =  1.630e+01
Constructing initial basis...
Size of triangular part is 9504
      0: obj =  -8.785144755e+10 inf =   1.058e+06 (100)
    776: obj =   3.852626214e+10 inf =   1.023e-12 (0) 5
*  6599: obj =   2.003392148e+09 inf =   1.270e-11 (3187) 44
* 11434: obj =   1.223447320e+09 inf =   3.664e-12 (0) 37
OPTIMAL LP SOLUTION FOUND
Time used:   9.6 secs
Memory used: 22.9 Mb (24022896 bytes)
Writing basic solution to 'C:\Users\Billy\AppData\Local\Temp\tmpex7wqx_o.glpk.raw'...
35419 lines were written
