GLPSOL: GLPK LP/MIP Solver, v4.65
Parameter(s) specified in the command line:
 --log result\mimo-example-20180503T1008\scenario_base.log --write C:\Users\Billy\AppData\Local\Temp\tmpf_zv2__d.glpk.raw
 --wglp C:\Users\Billy\AppData\Local\Temp\tmp0g3y6qr_.glpk.glp --cpxlp C:\Users\Billy\AppData\Local\Temp\tmpltybs2rn.pyomo.lp
Reading problem data from 'C:\Users\Billy\AppData\Local\Temp\tmpltybs2rn.pyomo.lp'...
15202 rows, 20208 columns, 70611 non-zeros
136439 lines were read
Writing problem data to 'C:\Users\Billy\AppData\Local\Temp\tmp0g3y6qr_.glpk.glp'...
112469 lines were written
GLPK Simplex Optimizer, v4.65
15202 rows, 20208 columns, 70611 non-zeros
Preprocessing...
9505 rows, 15280 columns, 55200 non-zeros
Scaling...
 A: min|aij| =  2.463e-04  max|aij| =  5.214e+01  ratio =  2.117e+05
GM: min|aij| =  2.477e-01  max|aij| =  4.038e+00  ratio =  1.630e+01
EQ: min|aij| =  6.134e-02  max|aij| =  1.000e+00  ratio =  1.630e+01
Constructing initial basis...
Size of triangular part is 9504
      0: obj =   9.429153791e+10 inf =   8.961e+05 (79)
    112: obj =   2.057551559e+11 inf =   0.000e+00 (0)
*  5569: obj =   1.029665189e+10 inf =   3.496e-12 (4273) 40
*  9795: obj =   5.619671631e+09 inf =   1.528e-11 (3281) 32
* 12190: obj =   5.124433504e+09 inf =   2.679e-12 (0) 20
OPTIMAL LP SOLUTION FOUND
Time used:   13.4 secs
Memory used: 22.9 Mb (24022896 bytes)
Writing basic solution to 'C:\Users\Billy\AppData\Local\Temp\tmpf_zv2__d.glpk.raw'...
35419 lines were written
